  Game.cpp
  GameObject.cpp
  main.cpp
  Map.cpp
  TextureManager.cpp
  Generating Code...
Game.obj : error LNK2019: unresolved external symbol _SDL_CreateWindow referenced in function "public: void __thiscall Game::init(char const *,int,int,bool)" (?init@Game@@QAEXPBDHH_N@Z)
Game.obj : error LNK2019: unresolved external symbol _SDL_DestroyWindow referenced in function "public: void __thiscall Game::clean(void)" (?clean@Game@@QAEXXZ)
Game.obj : error LNK2019: unresolved external symbol _SDL_PollEvent referenced in function "public: void __thiscall Game::handleEvents(void)" (?handleEvents@Game@@QAEXXZ)
Game.obj : error LNK2019: unresolved external symbol _SDL_CreateRenderer referenced in function "public: void __thiscall Game::init(char const *,int,int,bool)" (?init@Game@@QAEXPBDHH_N@Z)
Game.obj : error LNK2019: unresolved external symbol _SDL_SetRenderDrawColor referenced in function "public: void __thiscall Game::init(char const *,int,int,bool)" (?init@Game@@QAEXPBDHH_N@Z)
Game.obj : error LNK2019: unresolved external symbol _SDL_RenderClear referenced in function "public: void __thiscall Game::render(void)" (?render@Game@@QAEXXZ)
Game.obj : error LNK2019: unresolved external symbol _SDL_RenderPresent referenced in function "public: void __thiscall Game::render(void)" (?render@Game@@QAEXXZ)
Game.obj : error LNK2019: unresolved external symbol _SDL_DestroyRenderer referenced in function "public: void __thiscall Game::clean(void)" (?clean@Game@@QAEXXZ)
Game.obj : error LNK2019: unresolved external symbol _SDL_Init referenced in function "public: void __thiscall Game::init(char const *,int,int,bool)" (?init@Game@@QAEXPBDHH_N@Z)
Game.obj : error LNK2019: unresolved external symbol _SDL_Quit referenced in function "public: void __thiscall Game::clean(void)" (?clean@Game@@QAEXXZ)
GameObject.obj : error LNK2019: unresolved external symbol _SDL_RenderCopy referenced in function "public: void __thiscall GameObject::Render(void)" (?Render@GameObject@@QAEXXZ)
TextureManager.obj : error LNK2001: unresolved external symbol _SDL_RenderCopy
main.obj : error LNK2019: unresolved external symbol _SDL_GetTicks referenced in function _main
main.obj : error LNK2019: unresolved external symbol _SDL_Delay referenced in function _main
TextureManager.obj : error LNK2019: unresolved external symbol _SDL_FreeSurface referenced in function "public: static struct SDL_Texture * __cdecl TextureManager::LoadTexture(char const *)" (?LoadTexture@TextureManager@@SAPAUSDL_Texture@@PBD@Z)
TextureManager.obj : error LNK2019: unresolved external symbol _SDL_CreateTextureFromSurface referenced in function "public: static struct SDL_Texture * __cdecl TextureManager::LoadTexture(char const *)" (?LoadTexture@TextureManager@@SAPAUSDL_Texture@@PBD@Z)
TextureManager.obj : error LNK2019: unresolved external symbol _IMG_Load referenced in function "public: static struct SDL_Texture * __cdecl TextureManager::LoadTexture(char const *)" (?LoadTexture@TextureManager@@SAPAUSDL_Texture@@PBD@Z)
C:\Dev\SDL2\lib\x64\SDL2.lib : warning LNK4272: library machine type 'x64' conflicts with target machine type 'x86'
C:\Dev\SDL2\lib\x64\SDL2main.lib : warning LNK4272: library machine type 'x64' conflicts with target machine type 'x86'
C:\Dev\SDL2_image-2.0.1\lib\x64\SDL2_image.lib : warning LNK4272: library machine type 'x64' conflicts with target machine type 'x86'
C:\Dev\OperationTundra\bin\Win32\Debug\OperationTundra.exe : fatal error LNK1120: 16 unresolved externals
